#
# There is insufficient memory for the Java Runtime Environment to continue.
# Native memory allocation (malloc) failed to allocate 1048576 bytes for AllocateHeap
# Possible reasons:
#   The system is out of physical RAM or swap space
#   The process is running with CompressedOops enabled, and the Java Heap may be blocking the growth of the native heap
# Possible solutions:
#   Reduce memory load on the system
#   Increase physical memory or swap space
#   Check if swap backing store is full
#   Decrease Java heap size (-Xmx/-Xms)
#   Decrease number of Java threads
#   Decrease Java thread stack sizes (-Xss)
#   Set larger code cache with -XX:ReservedCodeCacheSize=
# This output file may be truncated or incomplete.
#
#  Out of Memory Error (t:/workspace/open/src/hotspot/share/memory/allocation.cpp:45), pid=18980, tid=20540
#
# JRE version:  (13.0.2+8) (build )
# Java VM: Java HotSpot(TM) 64-Bit Server VM (13.0.2+8, mixed mode, aot, sharing, tiered, compressed oops, g1 gc, windows-amd64)
# No core dump will be written. Minidumps are not enabled by default on client versions of Windows
#

---------------  S U M M A R Y ------------

Command Line: -Dfile.encoding=UTF-8 com.Joseph.CoinmarketcapAPI.CoinmarketcapApiApplication

Host: Intel(R) Core(TM) i7-9750H CPU @ 2.60GHz, 12 cores, 15G,  Windows 10 , 64 bit Build 19041 (10.0.19041.1706)
Time: Wed May 18 21:56:07 2022 Eastern Daylight Time elapsed time: 0 seconds (0d 0h 0m 0s)

---------------  T H R E A D  ---------------

Current thread (0x00000174c8ea1000):  JavaThread "Unknown thread" [_thread_in_vm, id=20540, stack(0x0000006e49600000,0x0000006e49700000)]

Stack: [0x0000006e49600000,0x0000006e49700000]
Native frames: (J=compiled Java code, j=interpreted, Vv=VM code, C=native code)
V  [jvm.dll+0x624f9a]
V  [jvm.dll+0x770cfa]
V  [jvm.dll+0x7724af]
V  [jvm.dll+0x772ab3]
V  [jvm.dll+0x24bf08]
V  [jvm.dll+0xb8d8f]
V  [jvm.dll+0x2ed783]
V  [jvm.dll+0x2e6765]
V  [jvm.dll+0x74dd78]
V  [jvm.dll+0x361989]
V  [jvm.dll+0x730e65]
V  [jvm.dll+0x3cc53f]
V  [jvm.dll+0x3ce861]
C  [jli.dll+0x51ff]
C  [ucrtbase.dll+0x21bb2]
C  [KERNEL32.DLL+0x17034]
C  [ntdll.dll+0x52651]


---------------  P R O C E S S  ---------------

Threads class SMR info:
_java_thread_list=0x00007ffc16bbccb8, length=0, elements={
}

Java Threads: ( => current thread )

Other Threads:
  0x00000174c8f0e000 GCTaskThread "GC Thread#0" [stack: 0x0000006e49700000,0x0000006e49800000] [id=20136]

[error occurred during error reporting (printing all threads), id 0xc0000005, EXCEPTION_ACCESS_VIOLATION (0xc0000005) at pc=0x00007ffc163f2260]

VM state:not at safepoint (not fully initialized)

VM Mutex/Monitor currently owned by a thread:  ([mutex/lock_event])
[0x00000174c8e9ce90] Heap_lock - owner thread: 0x00000174c8ea1000

Heap address: 0x0000000701e00000, size: 4066 MB, Compressed Oops mode: Non-zero based: 0x0000000701e00000
Narrow klass base: 0x0000000000000000, Narrow klass shift: 0

GC Heap History (0 events):
No events

Deoptimization events (0 events):
No events

Classes unloaded (0 events):
No events

Classes redefined (0 events):
No events

Internal exceptions (0 events):
No events

Events (8 events):
Event: 0.008 Loaded shared library C:\Program Files\Java\jdk-13.0.2\bin\zip.dll
Event: 0.009 Loaded shared library C:\Program Files\Java\jdk-13.0.2\bin\jimage.dll
Event: 0.010 Loading shared library C:\Program Files\Java\jdk-13.0.2\lib\libjava.base-coop.dll failed, error code 126
Event: 0.010 Loading shared library C:\Program Files\Java\jdk-13.0.2\lib\libjava.logging-coop.dll failed, error code 126
Event: 0.010 Loading shared library C:\Program Files\Java\jdk-13.0.2\lib\libjdk.compiler-coop.dll failed, error code 126
Event: 0.010 Loading shared library C:\Program Files\Java\jdk-13.0.2\lib\libjdk.scripting.nashorn-coop.dll failed, error code 126
Event: 0.010 Loading shared library C:\Program Files\Java\jdk-13.0.2\lib\libjdk.internal.vm.ci-coop.dll failed, error code 126
Event: 0.010 Loading shared library C:\Program Files\Java\jdk-13.0.2\lib\libjdk.internal.vm.compiler-coop.dll failed, error code 126


Dynamic libraries:
0x00007ff7fa180000 - 0x00007ff7fa18f000 	C:\Program Files\Java\jdk-13.0.2\bin\javaw.exe
0x00007ffcb76d0000 - 0x00007ffcb78c5000 	C:\WINDOWS\SYSTEM32\ntdll.dll
0x00007ffcb59a0000 - 0x00007ffcb5a5d000 	C:\WINDOWS\System32\KERNEL32.DLL
0x00007ffcb4de0000 - 0x00007ffcb50ad000 	C:\WINDOWS\System32\KERNELBASE.dll
0x00007ffcb51b0000 - 0x00007ffcb52b0000 	C:\WINDOWS\System32\ucrtbase.dll
0x00007ffcaed00000 - 0x00007ffcaed15000 	C:\Program Files\Java\jdk-13.0.2\bin\VCRUNTIME140.dll
0x00007ffcaed20000 - 0x00007ffcaed38000 	C:\Program Files\Java\jdk-13.0.2\bin\jli.dll
0x00007ffcb7350000 - 0x00007ffcb73fe000 	C:\WINDOWS\System32\ADVAPI32.dll
0x00007ffcb7110000 - 0x00007ffcb71ae000 	C:\WINDOWS\System32\msvcrt.dll
0x00007ffcb6e80000 - 0x00007ffcb6f1c000 	C:\WINDOWS\System32\sechost.dll
0x00007ffcb5b10000 - 0x00007ffcb5c35000 	C:\WINDOWS\System32\RPCRT4.dll
0x00007ffcb5c40000 - 0x00007ffcb5de0000 	C:\WINDOWS\System32\USER32.dll
0x00007ffc9ca40000 - 0x00007ffc9ccda000 	C:\WINDOWS\WinSxS\amd64_microsoft.windows.common-controls_6595b64144ccf1df_6.0.19041.1110_none_60b5254171f9507e\COMCTL32.dll
0x00007ffcb5350000 - 0x00007ffcb5372000 	C:\WINDOWS\System32\win32u.dll
0x00007ffcb7650000 - 0x00007ffcb767a000 	C:\WINDOWS\System32\GDI32.dll
0x00007ffcb54b0000 - 0x00007ffcb55bb000 	C:\WINDOWS\System32\gdi32full.dll
0x00007ffcab100000 - 0x00007ffcab10a000 	C:\WINDOWS\SYSTEM32\VERSION.dll
0x00007ffcb52b0000 - 0x00007ffcb534d000 	C:\WINDOWS\System32\msvcp_win.dll
0x00007ffcb6e50000 - 0x00007ffcb6e80000 	C:\WINDOWS\System32\IMM32.DLL
0x00007ffc999d0000 - 0x00007ffc99a6b000 	C:\Program Files\Java\jdk-13.0.2\bin\msvcp140.dll
0x00007ffc16100000 - 0x00007ffc16c5d000 	C:\Program Files\Java\jdk-13.0.2\bin\server\jvm.dll
0x00007ffcb7680000 - 0x00007ffcb7688000 	C:\WINDOWS\System32\PSAPI.DLL
0x00007ffc8a180000 - 0x00007ffc8a189000 	C:\WINDOWS\SYSTEM32\WSOCK32.dll
0x00007ffcaa2f0000 - 0x00007ffcaa317000 	C:\WINDOWS\SYSTEM32\WINMM.dll
0x00007ffcb70a0000 - 0x00007ffcb710b000 	C:\WINDOWS\System32\WS2_32.dll
0x00007ffcb2ec0000 - 0x00007ffcb2ed2000 	C:\WINDOWS\SYSTEM32\kernel.appcore.dll
0x00007ffcb2350000 - 0x00007ffcb2360000 	C:\Program Files\Java\jdk-13.0.2\bin\verify.dll
0x00007ffcb2b20000 - 0x00007ffcb2d04000 	C:\WINDOWS\SYSTEM32\DBGHELP.DLL
0x00007ffc990e0000 - 0x00007ffc9910c000 	C:\WINDOWS\SYSTEM32\dbgcore.DLL
0x00007ffcb5420000 - 0x00007ffcb54a2000 	C:\WINDOWS\System32\bcryptPrimitives.dll
0x00007ffc9f650000 - 0x00007ffc9f676000 	C:\Program Files\Java\jdk-13.0.2\bin\java.dll
0x00007ffcaece0000 - 0x00007ffcaecf7000 	C:\Program Files\Java\jdk-13.0.2\bin\zip.dll
0x00007ffcaf630000 - 0x00007ffcaf63a000 	C:\Program Files\Java\jdk-13.0.2\bin\jimage.dll

dbghelp: loaded successfully - version: 4.0.5 - missing functions: none
symbol engine: initialized successfully - sym options: 0x614 - pdb path: .;C:\Program Files\Java\jdk-13.0.2\bin;C:\WINDOWS\SYSTEM32;C:\WINDOWS\WinSxS\amd64_microsoft.windows.common-controls_6595b64144ccf1df_6.0.19041.1110_none_60b5254171f9507e;C:\Program Files\Java\jdk-13.0.2\bin\server

VM Arguments:
jvm_args: -Dfile.encoding=UTF-8 
java_command: com.Joseph.CoinmarketcapAPI.CoinmarketcapApiApplication
java_class_path (initial): C:\Users\jwobu\CMC API\cmcapi\target\classes;C:\Users\jwobu\.m2\repository\org\springframework\boot\spring-boot-starter-web\2.6.4\spring-boot-starter-web-2.6.4.jar;C:\Users\jwobu\.m2\repository\org\springframework\boot\spring-boot-starter\2.6.4\spring-boot-starter-2.6.4.jar;C:\Users\jwobu\.m2\repository\org\springframework\boot\spring-boot\2.6.4\spring-boot-2.6.4.jar;C:\Users\jwobu\.m2\repository\org\springframework\boot\spring-boot-autoconfigure\2.6.4\spring-boot-autoconfigure-2.6.4.jar;C:\Users\jwobu\.m2\repository\org\springframework\boot\spring-boot-starter-logging\2.6.4\spring-boot-starter-logging-2.6.4.jar;C:\Users\jwobu\.m2\repository\ch\qos\logback\logback-classic\1.2.10\logback-classic-1.2.10.jar;C:\Users\jwobu\.m2\repository\ch\qos\logback\logback-core\1.2.10\logback-core-1.2.10.jar;C:\Users\jwobu\.m2\repository\org\apache\logging\log4j\log4j-to-slf4j\2.17.1\log4j-to-slf4j-2.17.1.jar;C:\Users\jwobu\.m2\repository\org\apache\logging\log4j\log4j-api\2.17.1\log4j-api-2.17.1.jar;C:\Users\jwobu\.m2\repository\org\slf4j\jul-to-slf4j\1.7.36\jul-to-slf4j-1.7.36.jar;C:\Users\jwobu\.m2\repository\jakarta\annotation\jakarta.annotation-api\1.3.5\jakarta.annotation-api-1.3.5.jar;C:\Users\jwobu\.m2\repository\org\yaml\snakeyaml\1.29\snakeyaml-1.29.jar;C:\Users\jwobu\.m2\repository\org\springframework\boot\spring-boot-starter-json\2.6.4\spring-boot-starter-json-2.6.4.jar;C:\Users\jwobu\.m2\repository\com\fasterxml\jackson\core\jackson-databind\2.13.1\jackson-databind-2.13.1.jar;C:\Users\jwobu\.m2\repository\com\fasterxml\jackson\core\jackson-annotations\2.13.1\jackson-annotations-2.13.1.jar;C:\Users\jwobu\.m2\repository\com\fasterxml\jackson\core\jackson-core\2.13.1\jackson-core-2.13.1.jar;C:\Users\jwobu\.m2\repository\com\fasterxml\jackson\datatype\jackson-datatype-jdk8\2.13.1\jackson-datatype-jdk8-2.13.1.jar;C:\Users\jwobu\.m2\repository\com\fasterxml\jackson\datatype\jackson-datatype-jsr310\2.13.1\jackson-datatype-jsr310-2.13.1.jar;C:\User
Launcher Type: SUN_STANDARD

[Global flags]
     intx CICompilerCount                          = 4                                         {product} {ergonomic}
     uint ConcGCThreads                            = 3                                         {product} {ergonomic}
     uint G1ConcRefinementThreads                  = 10                                        {product} {ergonomic}
   size_t G1HeapRegionSize                         = 1048576                                   {product} {ergonomic}
    uintx GCDrainStackTargetSize                   = 64                                        {product} {ergonomic}
   size_t InitialHeapSize                          = 268435456                                 {product} {ergonomic}
   size_t MarkStackSize                            = 4194304                                   {product} {ergonomic}
   size_t MaxHeapSize                              = 4263510016                                {product} {ergonomic}
   size_t MinHeapDeltaBytes                        = 1048576                                   {product} {ergonomic}
   size_t MinHeapSize                              = 8388608                                   {product} {ergonomic}
    uintx NonNMethodCodeHeapSize                   = 5839372                                {pd product} {ergonomic}
    uintx NonProfiledCodeHeapSize                  = 122909434                              {pd product} {ergonomic}
    uintx ProfiledCodeHeapSize                     = 122909434                              {pd product} {ergonomic}
    uintx ReservedCodeCacheSize                    = 251658240                              {pd product} {ergonomic}
     bool SegmentedCodeCache                       = true                                      {product} {ergonomic}
   size_t SoftMaxHeapSize                          = 4263510016                             {manageable} {ergonomic}
     bool UseCompressedClassPointers               = true                                 {lp64_product} {ergonomic}
     bool UseCompressedOops                        = true                                 {lp64_product} {ergonomic}
     bool UseG1GC                                  = true                                      {product} {ergonomic}
     bool UseLargePagesIndividualAllocation        = false                                  {pd product} {ergonomic}

Logging:
Log output configuration:
 #0: stdout all=warning uptime,level,tags
 #1: stderr all=off uptime,level,tags

Environment Variables:
PATH=C:/Program Files/Java/jdk-13.0.2/bin/server;C:/Program Files/Java/jdk-13.0.2/bin;C:\Program Files (x86)\Common Files\Oracle\Java\javapath;C:\windows\system32;C:\windows;C:\windows\System32\Wbem;C:\windows\System32\WindowsPowerShell\v1.0\;C:\windows\System32\OpenSSH\;C:\Program Files (x86)\NVIDIA Corporation\PhysX\Common;C:\Program Files\NVIDIA Corporation\NVIDIA NvDLISR;C:\WINDOWS\system32;C:\WINDOWS;C:\WINDOWS\System32\Wbem;C:\WINDOWS\System32\WindowsPowerShell\v1.0\;C:\WINDOWS\System32\OpenSSH\;C:\Program Files\Amazon\AWSCLIV2\;C:\Program Files\nodejs\;C:\Program Files\Git\cmd;C:\Users\jwobu\anaconda3;C:\Users\jwobu\anaconda3\Library\mingw-w64\bin;C:\Users\jwobu\anaconda3\Library\usr\bin;C:\Users\jwobu\anaconda3\Library\bin;C:\Users\jwobu\anaconda3\Scripts;C:\Users\jwobu\AppData\Local\Microsoft\WindowsApps;C:\Users\jwobu\AppData\Local\atom\bin;C:\Users\jwobu\AppData\Local\Microsoft\WindowsApps;C:\Users\jwobu\AppData\Local\Programs\Microsoft VS Code\bin;C:\Users\jwobu\AppData\Roaming\npm;C:\Program Files\heroku\bin;C:\Users\jwobu\AppData\Local\GitHubDesktop\bin;C:\WINDOWS\System32;
USERNAME=jwobu
OS=Windows_NT
PROCESSOR_IDENTIFIER=Intel64 Family 6 Model 158 Stepping 10, GenuineIntel



---------------  S Y S T E M  ---------------

OS: Windows 10 , 64 bit Build 19041 (10.0.19041.1706)

CPU:total 12 (initial active 12) (6 cores per cpu, 2 threads per core) family 6 model 158 stepping 10, cmov, cx8, fxsr, mmx, sse, sse2, sse3, ssse3, sse4.1, sse4.2, popcnt, avx, avx2, aes, clmul, erms, 3dnowpref, lzcnt, ht, tsc, tscinvbit, bmi1, bmi2, adx, fma

Memory: 4k page, system-wide physical 16261M (5178M free)
TotalPageFile size 46680M (AvailPageFile size 34M)
current process WorkingSet (physical memory assigned to process): 10M, peak: 10M
current process commit charge ("private bytes"): 64M, peak: 65M

vm_info: Java HotSpot(TM) 64-Bit Server VM (13.0.2+8) for windows-amd64 JRE (13.0.2+8), built on Dec 11 2019 09:20:33 by "mach5one" with unknown MS VC++:1916

END.
